<?xml version="1.0" encoding="UTF-8"?>
<testsuite xmlns:xsi="http://www.w3.org/2001/XMLSchema-instance" xsi:noNamespaceSchemaLocation="https://maven.apache.org/surefire/maven-failsafe-plugin/xsd/failsafe-test-report.xsd" name="de.jodes.report.ape.UserService_IT" time="24.583" tests="2" errors="0" skipped="0" failures="0">
  <properties>
    <property name="sun.desktop" value="windows"/>
    <property name="awt.toolkit" value="sun.awt.windows.WToolkit"/>
    <property name="java.specification.version" value="11"/>
    <property name="arquillian.launch" value="wildfly-embedded"/>
    <property name="sun.cpu.isalist" value="amd64"/>
    <property name="sun.jnu.encoding" value="Cp1252"/>
    <property name="java.class.path" value="D:\var\workspaces\ris-ng-java11\ape-transaction-test\target\test-classes;D:\var\workspaces\ris-ng-java11\ape-transaction-test\target\ape-transaction-test-0.0.1-SNAPSHOT.jar;d:\var\.m2\repo\javax\javaee-api\8.0.1\javaee-api-8.0.1.jar;d:\var\.m2\repo\com\sun\mail\javax.mail\1.6.1\javax.mail-1.6.1.jar;d:\var\.m2\repo\javax\activation\activation\1.1.1\activation-1.1.1.jar;d:\var\.m2\repo\org\jboss\shrinkwrap\resolver\shrinkwrap-resolver-api\2.2.6\shrinkwrap-resolver-api-2.2.6.jar;d:\var\.m2\repo\org\jboss\shrinkwrap\resolver\shrinkwrap-resolver-spi\2.2.6\shrinkwrap-resolver-spi-2.2.6.jar;d:\var\.m2\repo\org\jboss\shrinkwrap\resolver\shrinkwrap-resolver-api-maven\2.2.6\shrinkwrap-resolver-api-maven-2.2.6.jar;d:\var\.m2\repo\org\jboss\shrinkwrap\resolver\shrinkwrap-resolver-spi-maven\2.2.6\shrinkwrap-resolver-spi-maven-2.2.6.jar;d:\var\.m2\repo\org\jboss\shrinkwrap\resolver\shrinkwrap-resolver-api-maven-archive\2.2.6\shrinkwrap-resolver-api-maven-archive-2.2.6.jar;d:\var\.m2\repo\org\jboss\shrinkwrap\resolver\shrinkwrap-resolver-impl-maven\2.2.6\shrinkwrap-resolver-impl-maven-2.2.6.jar;d:\var\.m2\repo\org\eclipse\aether\aether-api\1.0.0.v20140518\aether-api-1.0.0.v20140518.jar;d:\var\.m2\repo\org\eclipse\aether\aether-impl\1.0.0.v20140518\aether-impl-1.0.0.v20140518.jar;d:\var\.m2\repo\org\eclipse\aether\aether-spi\1.0.0.v20140518\aether-spi-1.0.0.v20140518.jar;d:\var\.m2\repo\org\eclipse\aether\aether-util\1.0.0.v20140518\aether-util-1.0.0.v20140518.jar;d:\var\.m2\repo\org\eclipse\aether\aether-connector-basic\1.0.0.v20140518\aether-connector-basic-1.0.0.v20140518.jar;d:\var\.m2\repo\org\eclipse\aether\aether-transport-wagon\1.0.0.v20140518\aether-transport-wagon-1.0.0.v20140518.jar;d:\var\.m2\repo\org\apache\maven\maven-aether-provider\3.2.5\maven-aether-provider-3.2.5.jar;d:\var\.m2\repo\org\apache\maven\maven-model\3.2.5\maven-model-3.2.5.jar;d:\var\.m2\repo\org\apache\maven\maven-model-builder\3.2.5\maven-model-builder-3.2.5.jar;d:\var\.m2\repo\org\codehaus\plexus\plexus-component-annotations\1.5.5\plexus-component-annotations-1.5.5.jar;d:\var\.m2\repo\org\apache\maven\maven-repository-metadata\3.2.5\maven-repository-metadata-3.2.5.jar;d:\var\.m2\repo\org\apache\maven\maven-settings\3.2.5\maven-settings-3.2.5.jar;d:\var\.m2\repo\org\apache\maven\maven-settings-builder\3.2.5\maven-settings-builder-3.2.5.jar;d:\var\.m2\repo\com\google\guava\guava\18.0\guava-18.0.jar;d:\var\.m2\repo\org\codehaus\plexus\plexus-interpolation\1.21\plexus-interpolation-1.21.jar;d:\var\.m2\repo\org\codehaus\plexus\plexus-utils\3.0.20\plexus-utils-3.0.20.jar;d:\var\.m2\repo\org\sonatype\plexus\plexus-sec-dispatcher\1.3\plexus-sec-dispatcher-1.3.jar;d:\var\.m2\repo\org\sonatype\plexus\plexus-cipher\1.4\plexus-cipher-1.4.jar;d:\var\.m2\repo\org\apache\maven\wagon\wagon-provider-api\2.6\wagon-provider-api-2.6.jar;d:\var\.m2\repo\org\apache\maven\wagon\wagon-file\2.6\wagon-file-2.6.jar;d:\var\.m2\repo\commons-lang\commons-lang\2.6\commons-lang-2.6.jar;d:\var\.m2\repo\org\apache\maven\wagon\wagon-http-lightweight\2.6\wagon-http-lightweight-2.6.jar;d:\var\.m2\repo\org\apache\maven\wagon\wagon-http-shared\2.6\wagon-http-shared-2.6.jar;d:\var\.m2\repo\org\jsoup\jsoup\1.7.2\jsoup-1.7.2.jar;d:\var\.m2\repo\commons-io\commons-io\2.2\commons-io-2.2.jar;d:\var\.m2\repo\org\jboss\shrinkwrap\resolver\shrinkwrap-resolver-impl-maven-archive\2.2.6\shrinkwrap-resolver-impl-maven-archive-2.2.6.jar;d:\var\.m2\repo\org\jboss\shrinkwrap\resolver\shrinkwrap-resolver-spi-maven-archive\2.2.6\shrinkwrap-resolver-spi-maven-archive-2.2.6.jar;d:\var\.m2\repo\org\eclipse\sisu\org.eclipse.sisu.plexus\0.3.0.M1\org.eclipse.sisu.plexus-0.3.0.M1.jar;d:\var\.m2\repo\org\eclipse\sisu\org.eclipse.sisu.inject\0.3.0.M1\org.eclipse.sisu.inject-0.3.0.M1.jar;d:\var\.m2\repo\org\codehaus\plexus\plexus-compiler-javac\2.3\plexus-compiler-javac-2.3.jar;d:\var\.m2\repo\org\codehaus\plexus\plexus-compiler-api\2.3\plexus-compiler-api-2.3.jar;d:\var\.m2\repo\org\jboss\arquillian\extension\arquillian-transaction-impl-base\1.0.3.Final\arquillian-transaction-impl-base-1.0.3.Final.jar;d:\var\.m2\repo\org\jboss\arquillian\extension\arquillian-transaction-jta\1.0.3.Final\arquillian-transaction-jta-1.0.3.Final.jar;d:\var\.m2\repo\org\jboss\arquillian\extension\arquillian-transaction-api\1.0.3.Final\arquillian-transaction-api-1.0.3.Final.jar;d:\var\.m2\repo\org\jboss\arquillian\extension\arquillian-transaction-spi\1.0.3.Final\arquillian-transaction-spi-1.0.3.Final.jar;d:\var\.m2\repo\org\jboss\arquillian\extension\arquillian-persistence-dbunit\1.0.0.Alpha7\arquillian-persistence-dbunit-1.0.0.Alpha7.jar;d:\var\.m2\repo\org\jboss\arquillian\extension\arquillian-persistence-api\1.0.0.Alpha7\arquillian-persistence-api-1.0.0.Alpha7.jar;d:\var\.m2\repo\org\jboss\arquillian\extension\arquillian-persistence-spi\1.0.0.Alpha7\arquillian-persistence-spi-1.0.0.Alpha7.jar;d:\var\.m2\repo\org\jboss\arquillian\extension\arquillian-persistence-core\1.0.0.Alpha7\arquillian-persistence-core-1.0.0.Alpha7.jar;d:\var\.m2\repo\org\dbunit\dbunit\2.5.0\dbunit-2.5.0.jar;d:\var\.m2\repo\commons-collections\commons-collections\3.2.1\commons-collections-3.2.1.jar;d:\var\.m2\repo\org\yaml\snakeyaml\1.10\snakeyaml-1.10.jar;d:\var\.m2\repo\org\codehaus\jackson\jackson-mapper-asl\1.9.2\jackson-mapper-asl-1.9.2.jar;d:\var\.m2\repo\org\codehaus\jackson\jackson-core-asl\1.9.2\jackson-core-asl-1.9.2.jar;d:\var\.m2\repo\org\apache\poi\poi\3.2-FINAL\poi-3.2-FINAL.jar;d:\var\.m2\repo\commons-logging\commons-logging\1.1\commons-logging-1.1.jar;d:\var\.m2\repo\log4j\log4j\1.2.13\log4j-1.2.13.jar;d:\var\.m2\repo\org\wildfly\arquillian\wildfly-arquillian-container-embedded\2.2.0.Final\wildfly-arquillian-container-embedded-2.2.0.Final.jar;d:\var\.m2\repo\org\wildfly\arquillian\wildfly-arquillian-common\2.2.0.Final\wildfly-arquillian-common-2.2.0.Final.jar;d:\var\.m2\repo\org\jboss\arquillian\testenricher\arquillian-testenricher-cdi\1.4.1.Final\arquillian-testenricher-cdi-1.4.1.Final.jar;d:\var\.m2\repo\org\jboss\arquillian\testenricher\arquillian-testenricher-ejb\1.4.1.Final\arquillian-testenricher-ejb-1.4.1.Final.jar;d:\var\.m2\repo\org\jboss\arquillian\testenricher\arquillian-testenricher-initialcontext\1.4.1.Final\arquillian-testenricher-initialcontext-1.4.1.Final.jar;d:\var\.m2\repo\org\jboss\arquillian\testenricher\arquillian-testenricher-resource\1.4.1.Final\arquillian-testenricher-resource-1.4.1.Final.jar;d:\var\.m2\repo\org\jboss\arquillian\protocol\arquillian-protocol-servlet\1.4.1.Final\arquillian-protocol-servlet-1.4.1.Final.jar;d:\var\.m2\repo\org\wildfly\arquillian\wildfly-arquillian-testenricher-msc\2.2.0.Final\wildfly-arquillian-testenricher-msc-2.2.0.Final.jar;d:\var\.m2\repo\org\wildfly\core\wildfly-server\8.0.0.Final\wildfly-server-8.0.0.Final.jar;d:\var\.m2\repo\org\wildfly\core\wildfly-controller\8.0.0.Final\wildfly-controller-8.0.0.Final.jar;d:\var\.m2\repo\org\wildfly\core\wildfly-core-security\8.0.0.Final\wildfly-core-security-8.0.0.Final.jar;d:\var\.m2\repo\org\wildfly\core\wildfly-core-security-api\8.0.0.Final\wildfly-core-security-api-8.0.0.Final.jar;d:\var\.m2\repo\org\jboss\staxmapper\1.3.0.Final\staxmapper-1.3.0.Final.jar;d:\var\.m2\repo\org\projectodd\vdx\vdx-wildfly\1.1.6\vdx-wildfly-1.1.6.jar;d:\var\.m2\repo\org\projectodd\vdx\vdx-core\1.1.6\vdx-core-1.1.6.jar;d:\var\.m2\repo\org\eclipse\jgit\org.eclipse.jgit\5.0.2.201807311906-r\org.eclipse.jgit-5.0.2.201807311906-r.jar;d:\var\.m2\repo\com\jcraft\jzlib\1.1.1\jzlib-1.1.1.jar;d:\var\.m2\repo\com\googlecode\javaewah\JavaEWAH\1.1.6\JavaEWAH-1.1.6.jar;d:\var\.m2\repo\org\wildfly\core\wildfly-core-management-client\8.0.0.Final\wildfly-core-management-client-8.0.0.Final.jar;d:\var\.m2\repo\org\wildfly\core\wildfly-domain-http-interface\8.0.0.Final\wildfly-domain-http-interface-8.0.0.Final.jar;d:\var\.m2\repo\org\wildfly\security\elytron-web\undertow-server\1.4.0.Final\undertow-server-1.4.0.Final.jar;d:\var\.m2\repo\org\wildfly\core\wildfly-deployment-repository\8.0.0.Final\wildfly-deployment-repository-8.0.0.Final.jar;d:\var\.m2\repo\org\wildfly\core\wildfly-platform-mbean\8.0.0.Final\wildfly-platform-mbean-8.0.0.Final.jar;d:\var\.m2\repo\org\wildfly\core\wildfly-process-controller\8.0.0.Final\wildfly-process-controller-8.0.0.Final.jar;d:\var\.m2\repo\org\wildfly\core\wildfly-network\8.0.0.Final\wildfly-network-8.0.0.Final.jar;d:\var\.m2\repo\org\wildfly\core\wildfly-version\8.0.0.Final\wildfly-version-8.0.0.Final.jar;d:\var\.m2\repo\org\jboss\jandex\2.0.5.Final\jandex-2.0.5.Final.jar;d:\var\.m2\repo\org\jboss\classfilewriter\jboss-classfilewriter\1.2.4.Final\jboss-classfilewriter-1.2.4.Final.jar;d:\var\.m2\repo\org\jboss\invocation\jboss-invocation\1.5.2.Final\jboss-invocation-1.5.2.Final.jar;d:\var\.m2\repo\org\jboss\stdio\jboss-stdio\1.0.2.GA\jboss-stdio-1.0.2.GA.jar;d:\var\.m2\repo\org\jboss\jboss-vfs\3.2.14.Final\jboss-vfs-3.2.14.Final.jar;d:\var\.m2\repo\io\undertow\undertow-core\2.0.19.Final\undertow-core-2.0.19.Final.jar;d:\var\.m2\repo\com\jcraft\jsch\0.1.54\jsch-0.1.54.jar;d:\var\.m2\repo\org\wildfly\core\wildfly-controller-client\8.0.0.Final\wildfly-controller-client-8.0.0.Final.jar;d:\var\.m2\repo\org\wildfly\plugins\wildfly-plugin-core\2.0.0.Final\wildfly-plugin-core-2.0.0.Final.jar;d:\var\.m2\repo\org\jboss\shrinkwrap\descriptors\shrinkwrap-descriptors-impl-base\2.0.0\shrinkwrap-descriptors-impl-base-2.0.0.jar;d:\var\.m2\repo\org\wildfly\core\wildfly-embedded\8.0.0.Final\wildfly-embedded-8.0.0.Final.jar;d:\var\.m2\repo\org\jboss\modules\jboss-modules\1.9.0.Final\jboss-modules-1.9.0.Final.jar;d:\var\.m2\repo\org\jboss\jboss-dmr\1.5.0.Final\jboss-dmr-1.5.0.Final.jar;d:\var\.m2\repo\org\jboss\threads\jboss-threads\2.3.3.Final\jboss-threads-2.3.3.Final.jar;d:\var\.m2\repo\org\jboss\logging\jboss-logging\3.3.2.Final\jboss-logging-3.3.2.Final.jar;d:\var\.m2\repo\org\wildfly\core\wildfly-protocol\8.0.0.Final\wildfly-protocol-8.0.0.Final.jar;d:\var\.m2\repo\org\jboss\remoting\jboss-remoting\5.0.8.Final\jboss-remoting-5.0.8.Final.jar;d:\var\.m2\repo\org\wildfly\client\wildfly-client-config\1.0.1.Final\wildfly-client-config-1.0.1.Final.jar;d:\var\.m2\repo\org\wildfly\security\wildfly-elytron\1.7.0.Final\wildfly-elytron-1.7.0.Final.jar;d:\var\.m2\repo\org\jboss\xnio\xnio-api\3.6.5.Final\xnio-api-3.6.5.Final.jar;d:\var\.m2\repo\org\jboss\xnio\xnio-nio\3.6.5.Final\xnio-nio-3.6.5.Final.jar;d:\var\.m2\repo\org\wildfly\arquillian\wildfly-arquillian-protocol-jmx\2.2.0.Final\wildfly-arquillian-protocol-jmx-2.2.0.Final.jar;d:\var\.m2\repo\org\jboss\arquillian\core\arquillian-core-spi\1.4.1.Final\arquillian-core-spi-1.4.1.Final.jar;d:\var\.m2\repo\org\jboss\arquillian\protocol\arquillian-protocol-jmx\1.4.1.Final\arquillian-protocol-jmx-1.4.1.Final.jar;d:\var\.m2\repo\org\wildfly\core\wildfly-jmx\8.0.0.Final\wildfly-jmx-8.0.0.Final.jar;d:\var\.m2\repo\org\jboss\msc\jboss-msc\1.4.5.Final\jboss-msc-1.4.5.Final.jar;d:\var\.m2\repo\org\jboss\remotingjmx\remoting-jmx\3.0.1.Final\remoting-jmx-3.0.1.Final.jar;d:\var\.m2\repo\org\jboss\marshalling\jboss-marshalling\2.0.6.Final\jboss-marshalling-2.0.6.Final.jar;d:\var\.m2\repo\org\jboss\marshalling\jboss-marshalling-river\2.0.6.Final\jboss-marshalling-river-2.0.6.Final.jar;d:\var\.m2\repo\org\wildfly\core\wildfly-remoting\8.0.0.Final\wildfly-remoting-8.0.0.Final.jar;d:\var\.m2\repo\org\wildfly\core\wildfly-domain-management\8.0.0.Final\wildfly-domain-management-8.0.0.Final.jar;d:\var\.m2\repo\org\picketbox\picketbox\5.0.3.Final\picketbox-5.0.3.Final.jar;d:\var\.m2\repo\org\wildfly\core\wildfly-io\8.0.0.Final\wildfly-io-8.0.0.Final.jar;d:\var\.m2\repo\org\jboss\arquillian\core\arquillian-core-api\1.4.1.Final\arquillian-core-api-1.4.1.Final.jar;d:\var\.m2\repo\org\jboss\arquillian\junit\arquillian-junit-container\1.4.1.Final\arquillian-junit-container-1.4.1.Final.jar;d:\var\.m2\repo\org\jboss\arquillian\junit\arquillian-junit-core\1.4.1.Final\arquillian-junit-core-1.4.1.Final.jar;d:\var\.m2\repo\org\jboss\arquillian\test\arquillian-test-api\1.4.1.Final\arquillian-test-api-1.4.1.Final.jar;d:\var\.m2\repo\org\jboss\arquillian\test\arquillian-test-spi\1.4.1.Final\arquillian-test-spi-1.4.1.Final.jar;d:\var\.m2\repo\org\jboss\arquillian\container\arquillian-container-test-api\1.4.1.Final\arquillian-container-test-api-1.4.1.Final.jar;d:\var\.m2\repo\org\jboss\shrinkwrap\shrinkwrap-api\1.2.6\shrinkwrap-api-1.2.6.jar;d:\var\.m2\repo\org\jboss\shrinkwrap\descriptors\shrinkwrap-descriptors-api-base\2.0.0\shrinkwrap-descriptors-api-base-2.0.0.jar;d:\var\.m2\repo\org\jboss\arquillian\container\arquillian-container-test-spi\1.4.1.Final\arquillian-container-test-spi-1.4.1.Final.jar;d:\var\.m2\repo\org\jboss\arquillian\container\arquillian-container-spi\1.4.1.Final\arquillian-container-spi-1.4.1.Final.jar;d:\var\.m2\repo\org\jboss\arquillian\core\arquillian-core-impl-base\1.4.1.Final\arquillian-core-impl-base-1.4.1.Final.jar;d:\var\.m2\repo\org\jboss\arquillian\test\arquillian-test-impl-base\1.4.1.Final\arquillian-test-impl-base-1.4.1.Final.jar;d:\var\.m2\repo\org\jboss\arquillian\container\arquillian-container-impl-base\1.4.1.Final\arquillian-container-impl-base-1.4.1.Final.jar;d:\var\.m2\repo\org\jboss\arquillian\config\arquillian-config-api\1.4.1.Final\arquillian-config-api-1.4.1.Final.jar;d:\var\.m2\repo\org\jboss\arquillian\config\arquillian-config-impl-base\1.4.1.Final\arquillian-config-impl-base-1.4.1.Final.jar;d:\var\.m2\repo\org\jboss\arquillian\config\arquillian-config-spi\1.4.1.Final\arquillian-config-spi-1.4.1.Final.jar;d:\var\.m2\repo\org\jboss\shrinkwrap\descriptors\shrinkwrap-descriptors-spi\2.0.0\shrinkwrap-descriptors-spi-2.0.0.jar;d:\var\.m2\repo\org\jboss\arquillian\container\arquillian-container-test-impl-base\1.4.1.Final\arquillian-container-test-impl-base-1.4.1.Final.jar;d:\var\.m2\repo\org\jboss\shrinkwrap\shrinkwrap-impl-base\1.2.6\shrinkwrap-impl-base-1.2.6.jar;d:\var\.m2\repo\org\jboss\shrinkwrap\shrinkwrap-spi\1.2.6\shrinkwrap-spi-1.2.6.jar;d:\var\.m2\repo\org\jboss\logmanager\jboss-logmanager\2.1.5.Final\jboss-logmanager-2.1.5.Final.jar;d:\var\.m2\repo\org\wildfly\common\wildfly-common\1.4.0.Final\wildfly-common-1.4.0.Final.jar;d:\var\.m2\repo\org\jboss\spec\javax\ejb\jboss-ejb-api_3.2_spec\1.0.1.Final\jboss-ejb-api_3.2_spec-1.0.1.Final.jar;d:\var\.m2\repo\javax\enterprise\cdi-api\2.0.SP1\cdi-api-2.0.SP1.jar;d:\var\.m2\repo\javax\inject\javax.inject\1\javax.inject-1.jar;d:\var\.m2\repo\org\slf4j\slf4j-api\1.7.21\slf4j-api-1.7.21.jar;d:\var\.m2\repo\org\apache\logging\log4j\log4j-slf4j-impl\2.8.2\log4j-slf4j-impl-2.8.2.jar;d:\var\.m2\repo\org\apache\logging\log4j\log4j-api\2.8.2\log4j-api-2.8.2.jar;d:\var\.m2\repo\org\apache\logging\log4j\log4j-core\2.8.2\log4j-core-2.8.2.jar;d:\var\.m2\repo\junit\junit\4.12\junit-4.12.jar;d:\var\.m2\repo\org\hamcrest\hamcrest-core\1.3\hamcrest-core-1.3.jar;"/>
    <property name="java.vm.vendor" value="Azul Systems, Inc."/>
    <property name="sun.arch.data.model" value="64"/>
    <property name="user.variant" value=""/>
    <property name="java.vendor.url" value="http://www.azulsystems.com/"/>
    <property name="user.timezone" value="Europe/Berlin"/>
    <property name="java.vm.specification.version" value="11"/>
    <property name="os.name" value="Windows 10"/>
    <property name="sun.java.launcher" value="SUN_STANDARD"/>
    <property name="user.country" value="DE"/>
    <property name="sun.boot.library.path" value="C:\Program Files\Zulu\zulu-11\bin"/>
    <property name="sun.java.command" value="C:\Users\THOMAS~1\AppData\Local\Temp\surefire3029656865452460711\surefirebooter12127914991170752460.jar C:\Users\Thomas Jodes\AppData\Local\Temp\surefire3029656865452460711 2019-04-18T11-17-49_184-jvmRun1 surefire15198444074743256122tmp surefire_011249275129858125959tmp"/>
    <property name="jdk.debug" value="release"/>
    <property name="surefire.test.class.path" value="D:\var\workspaces\ris-ng-java11\ape-transaction-test\target\test-classes;D:\var\workspaces\ris-ng-java11\ape-transaction-test\target\ape-transaction-test-0.0.1-SNAPSHOT.jar;d:\var\.m2\repo\javax\javaee-api\8.0.1\javaee-api-8.0.1.jar;d:\var\.m2\repo\com\sun\mail\javax.mail\1.6.1\javax.mail-1.6.1.jar;d:\var\.m2\repo\javax\activation\activation\1.1.1\activation-1.1.1.jar;d:\var\.m2\repo\org\jboss\shrinkwrap\resolver\shrinkwrap-resolver-api\2.2.6\shrinkwrap-resolver-api-2.2.6.jar;d:\var\.m2\repo\org\jboss\shrinkwrap\resolver\shrinkwrap-resolver-spi\2.2.6\shrinkwrap-resolver-spi-2.2.6.jar;d:\var\.m2\repo\org\jboss\shrinkwrap\resolver\shrinkwrap-resolver-api-maven\2.2.6\shrinkwrap-resolver-api-maven-2.2.6.jar;d:\var\.m2\repo\org\jboss\shrinkwrap\resolver\shrinkwrap-resolver-spi-maven\2.2.6\shrinkwrap-resolver-spi-maven-2.2.6.jar;d:\var\.m2\repo\org\jboss\shrinkwrap\resolver\shrinkwrap-resolver-api-maven-archive\2.2.6\shrinkwrap-resolver-api-maven-archive-2.2.6.jar;d:\var\.m2\repo\org\jboss\shrinkwrap\resolver\shrinkwrap-resolver-impl-maven\2.2.6\shrinkwrap-resolver-impl-maven-2.2.6.jar;d:\var\.m2\repo\org\eclipse\aether\aether-api\1.0.0.v20140518\aether-api-1.0.0.v20140518.jar;d:\var\.m2\repo\org\eclipse\aether\aether-impl\1.0.0.v20140518\aether-impl-1.0.0.v20140518.jar;d:\var\.m2\repo\org\eclipse\aether\aether-spi\1.0.0.v20140518\aether-spi-1.0.0.v20140518.jar;d:\var\.m2\repo\org\eclipse\aether\aether-util\1.0.0.v20140518\aether-util-1.0.0.v20140518.jar;d:\var\.m2\repo\org\eclipse\aether\aether-connector-basic\1.0.0.v20140518\aether-connector-basic-1.0.0.v20140518.jar;d:\var\.m2\repo\org\eclipse\aether\aether-transport-wagon\1.0.0.v20140518\aether-transport-wagon-1.0.0.v20140518.jar;d:\var\.m2\repo\org\apache\maven\maven-aether-provider\3.2.5\maven-aether-provider-3.2.5.jar;d:\var\.m2\repo\org\apache\maven\maven-model\3.2.5\maven-model-3.2.5.jar;d:\var\.m2\repo\org\apache\maven\maven-model-builder\3.2.5\maven-model-builder-3.2.5.jar;d:\var\.m2\repo\org\codehaus\plexus\plexus-component-annotations\1.5.5\plexus-component-annotations-1.5.5.jar;d:\var\.m2\repo\org\apache\maven\maven-repository-metadata\3.2.5\maven-repository-metadata-3.2.5.jar;d:\var\.m2\repo\org\apache\maven\maven-settings\3.2.5\maven-settings-3.2.5.jar;d:\var\.m2\repo\org\apache\maven\maven-settings-builder\3.2.5\maven-settings-builder-3.2.5.jar;d:\var\.m2\repo\com\google\guava\guava\18.0\guava-18.0.jar;d:\var\.m2\repo\org\codehaus\plexus\plexus-interpolation\1.21\plexus-interpolation-1.21.jar;d:\var\.m2\repo\org\codehaus\plexus\plexus-utils\3.0.20\plexus-utils-3.0.20.jar;d:\var\.m2\repo\org\sonatype\plexus\plexus-sec-dispatcher\1.3\plexus-sec-dispatcher-1.3.jar;d:\var\.m2\repo\org\sonatype\plexus\plexus-cipher\1.4\plexus-cipher-1.4.jar;d:\var\.m2\repo\org\apache\maven\wagon\wagon-provider-api\2.6\wagon-provider-api-2.6.jar;d:\var\.m2\repo\org\apache\maven\wagon\wagon-file\2.6\wagon-file-2.6.jar;d:\var\.m2\repo\commons-lang\commons-lang\2.6\commons-lang-2.6.jar;d:\var\.m2\repo\org\apache\maven\wagon\wagon-http-lightweight\2.6\wagon-http-lightweight-2.6.jar;d:\var\.m2\repo\org\apache\maven\wagon\wagon-http-shared\2.6\wagon-http-shared-2.6.jar;d:\var\.m2\repo\org\jsoup\jsoup\1.7.2\jsoup-1.7.2.jar;d:\var\.m2\repo\commons-io\commons-io\2.2\commons-io-2.2.jar;d:\var\.m2\repo\org\jboss\shrinkwrap\resolver\shrinkwrap-resolver-impl-maven-archive\2.2.6\shrinkwrap-resolver-impl-maven-archive-2.2.6.jar;d:\var\.m2\repo\org\jboss\shrinkwrap\resolver\shrinkwrap-resolver-spi-maven-archive\2.2.6\shrinkwrap-resolver-spi-maven-archive-2.2.6.jar;d:\var\.m2\repo\org\eclipse\sisu\org.eclipse.sisu.plexus\0.3.0.M1\org.eclipse.sisu.plexus-0.3.0.M1.jar;d:\var\.m2\repo\org\eclipse\sisu\org.eclipse.sisu.inject\0.3.0.M1\org.eclipse.sisu.inject-0.3.0.M1.jar;d:\var\.m2\repo\org\codehaus\plexus\plexus-compiler-javac\2.3\plexus-compiler-javac-2.3.jar;d:\var\.m2\repo\org\codehaus\plexus\plexus-compiler-api\2.3\plexus-compiler-api-2.3.jar;d:\var\.m2\repo\org\jboss\arquillian\extension\arquillian-transaction-impl-base\1.0.3.Final\arquillian-transaction-impl-base-1.0.3.Final.jar;d:\var\.m2\repo\org\jboss\arquillian\extension\arquillian-transaction-jta\1.0.3.Final\arquillian-transaction-jta-1.0.3.Final.jar;d:\var\.m2\repo\org\jboss\arquillian\extension\arquillian-transaction-api\1.0.3.Final\arquillian-transaction-api-1.0.3.Final.jar;d:\var\.m2\repo\org\jboss\arquillian\extension\arquillian-transaction-spi\1.0.3.Final\arquillian-transaction-spi-1.0.3.Final.jar;d:\var\.m2\repo\org\jboss\arquillian\extension\arquillian-persistence-dbunit\1.0.0.Alpha7\arquillian-persistence-dbunit-1.0.0.Alpha7.jar;d:\var\.m2\repo\org\jboss\arquillian\extension\arquillian-persistence-api\1.0.0.Alpha7\arquillian-persistence-api-1.0.0.Alpha7.jar;d:\var\.m2\repo\org\jboss\arquillian\extension\arquillian-persistence-spi\1.0.0.Alpha7\arquillian-persistence-spi-1.0.0.Alpha7.jar;d:\var\.m2\repo\org\jboss\arquillian\extension\arquillian-persistence-core\1.0.0.Alpha7\arquillian-persistence-core-1.0.0.Alpha7.jar;d:\var\.m2\repo\org\dbunit\dbunit\2.5.0\dbunit-2.5.0.jar;d:\var\.m2\repo\commons-collections\commons-collections\3.2.1\commons-collections-3.2.1.jar;d:\var\.m2\repo\org\yaml\snakeyaml\1.10\snakeyaml-1.10.jar;d:\var\.m2\repo\org\codehaus\jackson\jackson-mapper-asl\1.9.2\jackson-mapper-asl-1.9.2.jar;d:\var\.m2\repo\org\codehaus\jackson\jackson-core-asl\1.9.2\jackson-core-asl-1.9.2.jar;d:\var\.m2\repo\org\apache\poi\poi\3.2-FINAL\poi-3.2-FINAL.jar;d:\var\.m2\repo\commons-logging\commons-logging\1.1\commons-logging-1.1.jar;d:\var\.m2\repo\log4j\log4j\1.2.13\log4j-1.2.13.jar;d:\var\.m2\repo\org\wildfly\arquillian\wildfly-arquillian-container-embedded\2.2.0.Final\wildfly-arquillian-container-embedded-2.2.0.Final.jar;d:\var\.m2\repo\org\wildfly\arquillian\wildfly-arquillian-common\2.2.0.Final\wildfly-arquillian-common-2.2.0.Final.jar;d:\var\.m2\repo\org\jboss\arquillian\testenricher\arquillian-testenricher-cdi\1.4.1.Final\arquillian-testenricher-cdi-1.4.1.Final.jar;d:\var\.m2\repo\org\jboss\arquillian\testenricher\arquillian-testenricher-ejb\1.4.1.Final\arquillian-testenricher-ejb-1.4.1.Final.jar;d:\var\.m2\repo\org\jboss\arquillian\testenricher\arquillian-testenricher-initialcontext\1.4.1.Final\arquillian-testenricher-initialcontext-1.4.1.Final.jar;d:\var\.m2\repo\org\jboss\arquillian\testenricher\arquillian-testenricher-resource\1.4.1.Final\arquillian-testenricher-resource-1.4.1.Final.jar;d:\var\.m2\repo\org\jboss\arquillian\protocol\arquillian-protocol-servlet\1.4.1.Final\arquillian-protocol-servlet-1.4.1.Final.jar;d:\var\.m2\repo\org\wildfly\arquillian\wildfly-arquillian-testenricher-msc\2.2.0.Final\wildfly-arquillian-testenricher-msc-2.2.0.Final.jar;d:\var\.m2\repo\org\wildfly\core\wildfly-server\8.0.0.Final\wildfly-server-8.0.0.Final.jar;d:\var\.m2\repo\org\wildfly\core\wildfly-controller\8.0.0.Final\wildfly-controller-8.0.0.Final.jar;d:\var\.m2\repo\org\wildfly\core\wildfly-core-security\8.0.0.Final\wildfly-core-security-8.0.0.Final.jar;d:\var\.m2\repo\org\wildfly\core\wildfly-core-security-api\8.0.0.Final\wildfly-core-security-api-8.0.0.Final.jar;d:\var\.m2\repo\org\jboss\staxmapper\1.3.0.Final\staxmapper-1.3.0.Final.jar;d:\var\.m2\repo\org\projectodd\vdx\vdx-wildfly\1.1.6\vdx-wildfly-1.1.6.jar;d:\var\.m2\repo\org\projectodd\vdx\vdx-core\1.1.6\vdx-core-1.1.6.jar;d:\var\.m2\repo\org\eclipse\jgit\org.eclipse.jgit\5.0.2.201807311906-r\org.eclipse.jgit-5.0.2.201807311906-r.jar;d:\var\.m2\repo\com\jcraft\jzlib\1.1.1\jzlib-1.1.1.jar;d:\var\.m2\repo\com\googlecode\javaewah\JavaEWAH\1.1.6\JavaEWAH-1.1.6.jar;d:\var\.m2\repo\org\wildfly\core\wildfly-core-management-client\8.0.0.Final\wildfly-core-management-client-8.0.0.Final.jar;d:\var\.m2\repo\org\wildfly\core\wildfly-domain-http-interface\8.0.0.Final\wildfly-domain-http-interface-8.0.0.Final.jar;d:\var\.m2\repo\org\wildfly\security\elytron-web\undertow-server\1.4.0.Final\undertow-server-1.4.0.Final.jar;d:\var\.m2\repo\org\wildfly\core\wildfly-deployment-repository\8.0.0.Final\wildfly-deployment-repository-8.0.0.Final.jar;d:\var\.m2\repo\org\wildfly\core\wildfly-platform-mbean\8.0.0.Final\wildfly-platform-mbean-8.0.0.Final.jar;d:\var\.m2\repo\org\wildfly\core\wildfly-process-controller\8.0.0.Final\wildfly-process-controller-8.0.0.Final.jar;d:\var\.m2\repo\org\wildfly\core\wildfly-network\8.0.0.Final\wildfly-network-8.0.0.Final.jar;d:\var\.m2\repo\org\wildfly\core\wildfly-version\8.0.0.Final\wildfly-version-8.0.0.Final.jar;d:\var\.m2\repo\org\jboss\jandex\2.0.5.Final\jandex-2.0.5.Final.jar;d:\var\.m2\repo\org\jboss\classfilewriter\jboss-classfilewriter\1.2.4.Final\jboss-classfilewriter-1.2.4.Final.jar;d:\var\.m2\repo\org\jboss\invocation\jboss-invocation\1.5.2.Final\jboss-invocation-1.5.2.Final.jar;d:\var\.m2\repo\org\jboss\stdio\jboss-stdio\1.0.2.GA\jboss-stdio-1.0.2.GA.jar;d:\var\.m2\repo\org\jboss\jboss-vfs\3.2.14.Final\jboss-vfs-3.2.14.Final.jar;d:\var\.m2\repo\io\undertow\undertow-core\2.0.19.Final\undertow-core-2.0.19.Final.jar;d:\var\.m2\repo\com\jcraft\jsch\0.1.54\jsch-0.1.54.jar;d:\var\.m2\repo\org\wildfly\core\wildfly-controller-client\8.0.0.Final\wildfly-controller-client-8.0.0.Final.jar;d:\var\.m2\repo\org\wildfly\plugins\wildfly-plugin-core\2.0.0.Final\wildfly-plugin-core-2.0.0.Final.jar;d:\var\.m2\repo\org\jboss\shrinkwrap\descriptors\shrinkwrap-descriptors-impl-base\2.0.0\shrinkwrap-descriptors-impl-base-2.0.0.jar;d:\var\.m2\repo\org\wildfly\core\wildfly-embedded\8.0.0.Final\wildfly-embedded-8.0.0.Final.jar;d:\var\.m2\repo\org\jboss\modules\jboss-modules\1.9.0.Final\jboss-modules-1.9.0.Final.jar;d:\var\.m2\repo\org\jboss\jboss-dmr\1.5.0.Final\jboss-dmr-1.5.0.Final.jar;d:\var\.m2\repo\org\jboss\threads\jboss-threads\2.3.3.Final\jboss-threads-2.3.3.Final.jar;d:\var\.m2\repo\org\jboss\logging\jboss-logging\3.3.2.Final\jboss-logging-3.3.2.Final.jar;d:\var\.m2\repo\org\wildfly\core\wildfly-protocol\8.0.0.Final\wildfly-protocol-8.0.0.Final.jar;d:\var\.m2\repo\org\jboss\remoting\jboss-remoting\5.0.8.Final\jboss-remoting-5.0.8.Final.jar;d:\var\.m2\repo\org\wildfly\client\wildfly-client-config\1.0.1.Final\wildfly-client-config-1.0.1.Final.jar;d:\var\.m2\repo\org\wildfly\security\wildfly-elytron\1.7.0.Final\wildfly-elytron-1.7.0.Final.jar;d:\var\.m2\repo\org\jboss\xnio\xnio-api\3.6.5.Final\xnio-api-3.6.5.Final.jar;d:\var\.m2\repo\org\jboss\xnio\xnio-nio\3.6.5.Final\xnio-nio-3.6.5.Final.jar;d:\var\.m2\repo\org\wildfly\arquillian\wildfly-arquillian-protocol-jmx\2.2.0.Final\wildfly-arquillian-protocol-jmx-2.2.0.Final.jar;d:\var\.m2\repo\org\jboss\arquillian\core\arquillian-core-spi\1.4.1.Final\arquillian-core-spi-1.4.1.Final.jar;d:\var\.m2\repo\org\jboss\arquillian\protocol\arquillian-protocol-jmx\1.4.1.Final\arquillian-protocol-jmx-1.4.1.Final.jar;d:\var\.m2\repo\org\wildfly\core\wildfly-jmx\8.0.0.Final\wildfly-jmx-8.0.0.Final.jar;d:\var\.m2\repo\org\jboss\msc\jboss-msc\1.4.5.Final\jboss-msc-1.4.5.Final.jar;d:\var\.m2\repo\org\jboss\remotingjmx\remoting-jmx\3.0.1.Final\remoting-jmx-3.0.1.Final.jar;d:\var\.m2\repo\org\jboss\marshalling\jboss-marshalling\2.0.6.Final\jboss-marshalling-2.0.6.Final.jar;d:\var\.m2\repo\org\jboss\marshalling\jboss-marshalling-river\2.0.6.Final\jboss-marshalling-river-2.0.6.Final.jar;d:\var\.m2\repo\org\wildfly\core\wildfly-remoting\8.0.0.Final\wildfly-remoting-8.0.0.Final.jar;d:\var\.m2\repo\org\wildfly\core\wildfly-domain-management\8.0.0.Final\wildfly-domain-management-8.0.0.Final.jar;d:\var\.m2\repo\org\picketbox\picketbox\5.0.3.Final\picketbox-5.0.3.Final.jar;d:\var\.m2\repo\org\wildfly\core\wildfly-io\8.0.0.Final\wildfly-io-8.0.0.Final.jar;d:\var\.m2\repo\org\jboss\arquillian\core\arquillian-core-api\1.4.1.Final\arquillian-core-api-1.4.1.Final.jar;d:\var\.m2\repo\org\jboss\arquillian\junit\arquillian-junit-container\1.4.1.Final\arquillian-junit-container-1.4.1.Final.jar;d:\var\.m2\repo\org\jboss\arquillian\junit\arquillian-junit-core\1.4.1.Final\arquillian-junit-core-1.4.1.Final.jar;d:\var\.m2\repo\org\jboss\arquillian\test\arquillian-test-api\1.4.1.Final\arquillian-test-api-1.4.1.Final.jar;d:\var\.m2\repo\org\jboss\arquillian\test\arquillian-test-spi\1.4.1.Final\arquillian-test-spi-1.4.1.Final.jar;d:\var\.m2\repo\org\jboss\arquillian\container\arquillian-container-test-api\1.4.1.Final\arquillian-container-test-api-1.4.1.Final.jar;d:\var\.m2\repo\org\jboss\shrinkwrap\shrinkwrap-api\1.2.6\shrinkwrap-api-1.2.6.jar;d:\var\.m2\repo\org\jboss\shrinkwrap\descriptors\shrinkwrap-descriptors-api-base\2.0.0\shrinkwrap-descriptors-api-base-2.0.0.jar;d:\var\.m2\repo\org\jboss\arquillian\container\arquillian-container-test-spi\1.4.1.Final\arquillian-container-test-spi-1.4.1.Final.jar;d:\var\.m2\repo\org\jboss\arquillian\container\arquillian-container-spi\1.4.1.Final\arquillian-container-spi-1.4.1.Final.jar;d:\var\.m2\repo\org\jboss\arquillian\core\arquillian-core-impl-base\1.4.1.Final\arquillian-core-impl-base-1.4.1.Final.jar;d:\var\.m2\repo\org\jboss\arquillian\test\arquillian-test-impl-base\1.4.1.Final\arquillian-test-impl-base-1.4.1.Final.jar;d:\var\.m2\repo\org\jboss\arquillian\container\arquillian-container-impl-base\1.4.1.Final\arquillian-container-impl-base-1.4.1.Final.jar;d:\var\.m2\repo\org\jboss\arquillian\config\arquillian-config-api\1.4.1.Final\arquillian-config-api-1.4.1.Final.jar;d:\var\.m2\repo\org\jboss\arquillian\config\arquillian-config-impl-base\1.4.1.Final\arquillian-config-impl-base-1.4.1.Final.jar;d:\var\.m2\repo\org\jboss\arquillian\config\arquillian-config-spi\1.4.1.Final\arquillian-config-spi-1.4.1.Final.jar;d:\var\.m2\repo\org\jboss\shrinkwrap\descriptors\shrinkwrap-descriptors-spi\2.0.0\shrinkwrap-descriptors-spi-2.0.0.jar;d:\var\.m2\repo\org\jboss\arquillian\container\arquillian-container-test-impl-base\1.4.1.Final\arquillian-container-test-impl-base-1.4.1.Final.jar;d:\var\.m2\repo\org\jboss\shrinkwrap\shrinkwrap-impl-base\1.2.6\shrinkwrap-impl-base-1.2.6.jar;d:\var\.m2\repo\org\jboss\shrinkwrap\shrinkwrap-spi\1.2.6\shrinkwrap-spi-1.2.6.jar;d:\var\.m2\repo\org\jboss\logmanager\jboss-logmanager\2.1.5.Final\jboss-logmanager-2.1.5.Final.jar;d:\var\.m2\repo\org\wildfly\common\wildfly-common\1.4.0.Final\wildfly-common-1.4.0.Final.jar;d:\var\.m2\repo\org\jboss\spec\javax\ejb\jboss-ejb-api_3.2_spec\1.0.1.Final\jboss-ejb-api_3.2_spec-1.0.1.Final.jar;d:\var\.m2\repo\javax\enterprise\cdi-api\2.0.SP1\cdi-api-2.0.SP1.jar;d:\var\.m2\repo\javax\inject\javax.inject\1\javax.inject-1.jar;d:\var\.m2\repo\org\slf4j\slf4j-api\1.7.21\slf4j-api-1.7.21.jar;d:\var\.m2\repo\org\apache\logging\log4j\log4j-slf4j-impl\2.8.2\log4j-slf4j-impl-2.8.2.jar;d:\var\.m2\repo\org\apache\logging\log4j\log4j-api\2.8.2\log4j-api-2.8.2.jar;d:\var\.m2\repo\org\apache\logging\log4j\log4j-core\2.8.2\log4j-core-2.8.2.jar;d:\var\.m2\repo\junit\junit\4.12\junit-4.12.jar;d:\var\.m2\repo\org\hamcrest\hamcrest-core\1.3\hamcrest-core-1.3.jar;"/>
    <property name="sun.cpu.endian" value="little"/>
    <property name="user.home" value="C:\Users\Thomas Jodes"/>
    <property name="user.language" value="de"/>
    <property name="java.specification.vendor" value="Oracle Corporation"/>
    <property name="java.version.date" value="2018-10-16"/>
    <property name="java.home" value="C:\Program Files\Zulu\zulu-11"/>
    <property name="file.separator" value="\"/>
    <property name="basedir" value="D:\var\workspaces\ris-ng-java11\ape-transaction-test"/>
    <property name="java.vm.compressedOopsMode" value="32-bit"/>
    <property name="line.separator" value="&#10;"/>
    <property name="java.specification.name" value="Java Platform API Specification"/>
    <property name="java.vm.specification.vendor" value="Oracle Corporation"/>
    <property name="java.awt.graphicsenv" value="sun.awt.Win32GraphicsEnvironment"/>
    <property name="surefire.real.class.path" value="C:\Users\THOMAS~1\AppData\Local\Temp\surefire3029656865452460711\surefirebooter12127914991170752460.jar"/>
    <property name="user.script" value=""/>
    <property name="sun.management.compiler" value="HotSpot 64-Bit Tiered Compilers"/>
    <property name="java.runtime.version" value="11.0.1+13-LTS"/>
    <property name="user.name" value="Thomas Jodes"/>
    <property name="path.separator" value=";"/>
    <property name="os.version" value="10.0"/>
    <property name="java.runtime.name" value="OpenJDK Runtime Environment"/>
    <property name="file.encoding" value="UTF8"/>
    <property name="java.vm.name" value="OpenJDK 64-Bit Server VM"/>
    <property name="java.vendor.version" value="Zulu11.2+3"/>
    <property name="arquillian.server-runtime" value="d:/opt/ris/integrationtests/wildfly-15.0.1.Final"/>
    <property name="localRepository" value="d:\var\.m2\repo"/>
    <property name="java.vendor.url.bug" value="http://www.azulsystems.com/support/"/>
    <property name="java.io.tmpdir" value="C:\Users\THOMAS~1\AppData\Local\Temp\"/>
    <property name="java.version" value="11.0.1"/>
    <property name="user.dir" value="D:\var\workspaces\ris-ng-java11\ape-transaction-test"/>
    <property name="os.arch" value="amd64"/>
    <property name="java.vm.specification.name" value="Java Virtual Machine Specification"/>
    <property name="java.awt.printerjob" value="sun.awt.windows.WPrinterJob"/>
    <property name="sun.os.patch.level" value=""/>
    <property name="java.util.logging.manager" value="org.jboss.logmanager.LogManager"/>
    <property name="java.library.path" value="C:\Program Files\Zulu\zulu-11\bin;C:\WINDOWS\Sun\Java\bin;C:\WINDOWS\system32;C:\WINDOWS;D:\opt\python\python36\Scripts\;D:\opt\python\python36\;D:\opt\Perl64\site\bin;D:\opt\Perl64\bin;C:\ProgramData\Oracle\Java\javapath;C:\Program Files (x86)\Intel\iCLS Client\;C:\Program Files\Intel\iCLS Client\;C:\Program Files (x86)\NVIDIA Corporation\PhysX\Common;C:\Windows\system32;C:\Windows;C:\Windows\System32\Wbem;C:\Windows\System32\WindowsPowerShell\v1.0\;C:\Program Files\Intel\Intel(R) Management Engine Components\DAL;C:\Program Files\Intel\Intel(R) Management Engine Components\IPT;C:\Program Files (x86)\Intel\Intel(R) Management Engine Components\DAL;C:\Program Files (x86)\Intel\Intel(R) Management Engine Components\IPT;C:\Program Files\Acer\Remote Files\;C:\WINDOWS\system32;C:\WINDOWS;C:\WINDOWS\System32\Wbem;C:\WINDOWS\System32\WindowsPowerShell\v1.0\;C:\Program Files\Java\jdk1.8.0_201\bin;d:\opt\apache-maven-3.3.9\bin;C:\Program Files\TortoiseSVN\bin;d:\bin;d:\opt\apache-ant-1.9.6\bin;c:\Program Files\PostgreSQL\9.5\bin;C:\Program Files\Git\cmd;C:\Program Files\SlikSvn\bin;C:\WINDOWS\System32\OpenSSH\;C:\Program Files (x86)\Gpg4win\..\GnuPG\bin;C:\Users\Thomas Jodes\AppData\Local\Microsoft\WindowsApps;;."/>
    <property name="java.vendor" value="Azul Systems, Inc."/>
    <property name="java.vm.info" value="mixed mode"/>
    <property name="java.vm.version" value="11.0.1+13-LTS"/>
    <property name="sun.io.unicode.encoding" value="UnicodeLittle"/>
    <property name="java.class.version" value="55.0"/>
  </properties>
  <testcase name="testPersistUsers" classname="de.jodes.report.ape.UserService_IT" time="0.666"/>
  <testcase name="testPersistAdditionalUsers" classname="de.jodes.report.ape.UserService_IT" time="0.244"/>
</testsuite>